<?xml version="1.0" encoding="UTF-8"?>
<coverage generated="1744794901214" clover="3.2.0">
  <project timestamp="1744794901215" name="All files">
    <metrics statements="2" coveredstatements="0" conditionals="0" coveredconditionals="0" methods="0" coveredmethods="0" elements="2" coveredelements="0" complexity="0" loc="2" ncloc="2" packages="2" files="2" classes="2"/>
    <package name="TaskApp">
      <metrics statements="1" coveredstatements="0" conditionals="0" coveredconditionals="0" methods="0" coveredmethods="0"/>
      <file name="index.js" path="D:\Aivatek Work\Ai Professional Projects\New folder (2)\TaskApp\index.js">
        <metrics statements="1" coveredstatements="0" conditionals="0" coveredconditionals="0" methods="0" coveredmethods="0"/>
        <line num="8" count="0" type="stmt"/>
      </file>
    </package>
    <package name="TaskApp.src.Utils">
      <metrics statements="1" coveredstatements="0" conditionals="0" coveredconditionals="0" methods="0" coveredmethods="0"/>
      <file name="data.js" path="D:\Aivatek Work\Ai Professional Projects\New folder (2)\TaskApp\src\Utils\data.js">
        <metrics statements="1" coveredstatements="0" conditionals="0" coveredconditionals="0" methods="0" coveredmethods="0"/>
        <line num="1" count="0" type="stmt"/>
      </file>
    </package>
  </project>
</coverage>
