{"D:\\Aivatek Work\\Ai Professional Projects\\New folder (2)\\TaskApp\\index.js": {"path":"D:\\Aivatek Work\\Ai Professional Projects\\New folder (2)\\TaskApp\\index.js","statementMap":{"0":{"start":{"line":8,"column":0},"end":{"line":8,"column":27}}},"fnMap":{},"branchMap":{},"s":{"0":0},"f":{},"b":{}}
,"D:\\Aivatek Work\\Ai Professional Projects\\New folder (2)\\TaskApp\\src\\Utils\\data.js": {"path":"D:\\Aivatek Work\\Ai Professional Projects\\New folder (2)\\TaskApp\\src\\Utils\\data.js","statementMap":{"0":{"start":{"line":1,"column":24},"end":{"line":41,"column":1}}},"fnMap":{},"branchMap":{},"s":{"0":0},"f":{},"b":{}}
}
